<?xml version="1.0" encoding="UTF-8"?>
<robot generator="Robot 7.3 (Python 3.13.3 on darwin)" generated="2025-06-10T18:04:58.920837" rpa="false" schemaversion="5">
<suite id="s1" name="Checkout" source="/Users/adittriyadi/Documents/adit-triyadi-lion-parcel/Assignment-1-2-4/web/TestCase/Checkout.robot">
<test id="s1-t1" name="Verify user successfully checkout a product on saucedemo.com" line="5">
<kw name="Given User go to saucedemo website" owner="BrowserPage">
<kw name="Evaluate" owner="BuiltIn">
<msg time="2025-06-10T18:04:59.003003" level="INFO">${chrome_option} = &lt;selenium.webdriver.chrome.options.Options object at 0x1040e2f90&gt;</msg>
<var>${chrome_option}</var>
<arg>sys.modules['selenium.webdriver'].ChromeOptions()</arg>
<arg>sys, selenium.webdriver</arg>
<doc>Evaluates the given expression in Python and returns the result.</doc>
<status status="PASS" start="2025-06-10T18:04:59.002855" elapsed="0.000171"/>
</kw>
<kw name="Call Method" owner="BuiltIn">
<arg>${chrome_option}</arg>
<arg>add_argument</arg>
<arg>--guest</arg>
<doc>Calls the named method of the given object with the provided arguments.</doc>
<status status="PASS" start="2025-06-10T18:04:59.003111" elapsed="0.000070"/>
</kw>
<kw name="Call Method" owner="BuiltIn">
<arg>${chrome_option}</arg>
<arg>add_argument</arg>
<arg>--no-sandbox</arg>
<doc>Calls the named method of the given object with the provided arguments.</doc>
<status status="PASS" start="2025-06-10T18:04:59.003244" elapsed="0.000051"/>
</kw>
<kw name="Call Method" owner="BuiltIn">
<arg>${chrome_option}</arg>
<arg>add_argument</arg>
<arg>--disable-dev-shm-usage</arg>
<doc>Calls the named method of the given object with the provided arguments.</doc>
<status status="PASS" start="2025-06-10T18:04:59.003350" elapsed="0.000049"/>
</kw>
<kw name="Call Method" owner="BuiltIn">
<arg>${chrome_option}</arg>
<arg>add_argument</arg>
<arg>--disable-gpu</arg>
<doc>Calls the named method of the given object with the provided arguments.</doc>
<status status="PASS" start="2025-06-10T18:04:59.003454" elapsed="0.000044"/>
</kw>
<kw name="Open Browser" owner="SeleniumLibrary">
<msg time="2025-06-10T18:04:59.003685" level="INFO">Opening browser 'chrome' to base url 'https://www.saucedemo.com'.</msg>
<arg>${url}</arg>
<arg>${browser}</arg>
<arg>options=${chrome_option}</arg>
<doc>Opens a new browser instance to the optional ``url``.</doc>
<status status="PASS" start="2025-06-10T18:04:59.003564" elapsed="2.183641"/>
</kw>
<kw name="Maximize Browser Window" owner="SeleniumLibrary">
<doc>Maximizes current browser window.</doc>
<status status="PASS" start="2025-06-10T18:05:01.187685" elapsed="0.378636"/>
</kw>
<arg>${url}</arg>
<arg>${browser}</arg>
<status status="PASS" start="2025-06-10T18:04:59.002411" elapsed="2.564015"/>
</kw>
<kw name="And User input username on login page" owner="LoginPage">
<kw name="Input Text" owner="SeleniumLibrary">
<msg time="2025-06-10T18:05:01.567234" level="INFO">Typing text 'standard_user' into text field 'id=user-name'.</msg>
<arg>${textfield_username}</arg>
<arg>${username}</arg>
<doc>Types the given ``text`` into the text field identified by ``locator``.</doc>
<status status="PASS" start="2025-06-10T18:05:01.566968" elapsed="0.109739"/>
</kw>
<arg>${username}</arg>
<status status="PASS" start="2025-06-10T18:05:01.566735" elapsed="0.110091"/>
</kw>
<kw name="And User input password on login page" owner="LoginPage">
<kw name="Input Password" owner="SeleniumLibrary">
<msg time="2025-06-10T18:05:01.677394" level="INFO">Typing password into text field 'id=password'.</msg>
<msg time="2025-06-10T18:05:01.696394" level="INFO">Temporally setting log level to: NONE</msg>
<arg>${textfield_password}</arg>
<arg>${password}</arg>
<doc>Types the given password into the text field identified by ``locator``.</doc>
<status status="PASS" start="2025-06-10T18:05:01.677278" elapsed="0.043907"/>
</kw>
<arg>${password}</arg>
<status status="PASS" start="2025-06-10T18:05:01.677077" elapsed="0.044180"/>
</kw>
<kw name="And User click login button on login page" owner="LoginPage">
<kw name="Click Button" owner="SeleniumLibrary">
<msg time="2025-06-10T18:05:01.721691" level="INFO">Clicking button 'id=login-button'.</msg>
<arg>${button_login}</arg>
<doc>Clicks the button identified by ``locator``.</doc>
<status status="PASS" start="2025-06-10T18:05:01.721584" elapsed="0.065188"/>
</kw>
<status status="PASS" start="2025-06-10T18:05:01.721429" elapsed="0.065416"/>
</kw>
<kw name="And User click add to cart button for item Sauce Labs Backpack on inventory page" owner="InventoryPage" source_name="User click add to cart button for item ${item_name} on inventory page">
<kw name="Convert To Lower Case" owner="String">
<msg time="2025-06-10T18:05:01.787327" level="INFO">${item_name_lower_case} = sauce labs backpack</msg>
<var>${item_name_lower_case}</var>
<arg>${item_name}</arg>
<doc>Converts string to lower case.</doc>
<status status="PASS" start="2025-06-10T18:05:01.787226" elapsed="0.000118"/>
</kw>
<kw name="Replace String" owner="String">
<msg time="2025-06-10T18:05:01.787493" level="INFO">${item_name_lower_case} = sauce-labs-backpack</msg>
<var>${item_name_lower_case}</var>
<arg>${item_name_lower_case}</arg>
<arg>${SPACE}</arg>
<arg>-</arg>
<doc>Replaces ``search_for`` in the given ``string`` with ``replace_with``.</doc>
<status status="PASS" start="2025-06-10T18:05:01.787408" elapsed="0.000098"/>
</kw>
<kw name="Replace String" owner="String">
<msg time="2025-06-10T18:05:01.787642" level="INFO">${locator} = id=add-to-cart-sauce-labs-backpack</msg>
<var>${locator}</var>
<arg>${button_add_to_cart}</arg>
<arg>{item_name}</arg>
<arg>${item_name_lower_case}</arg>
<doc>Replaces ``search_for`` in the given ``string`` with ``replace_with``.</doc>
<status status="PASS" start="2025-06-10T18:05:01.787567" elapsed="0.000087"/>
</kw>
<kw name="Wait Until Element Is Visible" owner="SeleniumLibrary">
<arg>${locator}</arg>
<arg>timeout=10s</arg>
<doc>Waits until the element ``locator`` is visible.</doc>
<status status="PASS" start="2025-06-10T18:05:01.787723" elapsed="0.013366"/>
</kw>
<kw name="Wait Until Element Is Enabled" owner="SeleniumLibrary">
<arg>${locator}</arg>
<arg>timeout=10s</arg>
<doc>Waits until the element ``locator`` is enabled.</doc>
<status status="PASS" start="2025-06-10T18:05:01.801252" elapsed="0.014053"/>
</kw>
<kw name="Click Element" owner="SeleniumLibrary">
<msg time="2025-06-10T18:05:01.815612" level="INFO">Clicking element 'id=add-to-cart-sauce-labs-backpack'.</msg>
<arg>${locator}</arg>
<doc>Click the element identified by ``locator``.</doc>
<status status="PASS" start="2025-06-10T18:05:01.815461" elapsed="0.026869"/>
</kw>
<status status="PASS" start="2025-06-10T18:05:01.787051" elapsed="0.055368"/>
</kw>
<kw name="And User click shopping bag button on inventory page" owner="InventoryPage">
<kw name="Wait Until Element Is Visible" owner="SeleniumLibrary">
<arg>${button_shopping_bag}</arg>
<arg>timeout=10s</arg>
<doc>Waits until the element ``locator`` is visible.</doc>
<status status="PASS" start="2025-06-10T18:05:01.842786" elapsed="0.010298"/>
</kw>
<kw name="Wait Until Element Is Enabled" owner="SeleniumLibrary">
<arg>${button_shopping_bag}</arg>
<arg>timeout=10s</arg>
<doc>Waits until the element ``locator`` is enabled.</doc>
<status status="PASS" start="2025-06-10T18:05:01.853227" elapsed="0.011722"/>
</kw>
<kw name="Click Element" owner="SeleniumLibrary">
<msg time="2025-06-10T18:05:01.865262" level="INFO">Clicking element 'css=a[data-test="shopping-cart-link"]'.</msg>
<arg>${button_shopping_bag}</arg>
<doc>Click the element identified by ``locator``.</doc>
<status status="PASS" start="2025-06-10T18:05:01.865110" elapsed="0.031335"/>
</kw>
<status status="PASS" start="2025-06-10T18:05:01.842609" elapsed="0.053918"/>
</kw>
<kw name="And User see item Sauce Labs Backpack with qty 1 and price $29.99 on cart page" owner="CartPage" source_name="User see item ${item_name} with qty ${qty} and price ${price} on cart page">
<kw name="Replace String" owner="String">
<msg time="2025-06-10T18:05:01.897118" level="INFO">${item_name_locator} = xpath=//div[@class="cart_item" and .//div[@data-test="inventory-item-name"][text()="Sauce Labs Backpack"]]//div[@data-test="inventory-item-name"]</msg>
<var>${item_name_locator}</var>
<arg>${label_item_name}</arg>
<arg>{item_name}</arg>
<arg>${item_name}</arg>
<doc>Replaces ``search_for`` in the given ``string`` with ``replace_with``.</doc>
<status status="PASS" start="2025-06-10T18:05:01.897010" elapsed="0.000195"/>
</kw>
<kw name="Replace String" owner="String">
<msg time="2025-06-10T18:05:01.897360" level="INFO">${item_qty_locator} = xpath=//div[@class="cart_item" and .//div[@data-test="inventory-item-name"][text()="Sauce Labs Backpack"]]//div[@data-test="item-quantity"]</msg>
<var>${item_qty_locator}</var>
<arg>${label_item_quantity}</arg>
<arg>{item_name}</arg>
<arg>${item_name}</arg>
<doc>Replaces ``search_for`` in the given ``string`` with ``replace_with``.</doc>
<status status="PASS" start="2025-06-10T18:05:01.897279" elapsed="0.000093"/>
</kw>
<kw name="Replace String" owner="String">
<msg time="2025-06-10T18:05:01.897504" level="INFO">${item_price_locator} = xpath=//div[@class="cart_item" and .//div[@data-test="inventory-item-name"][text()="Sauce Labs Backpack"]]//div[@data-test="inventory-item-price"]</msg>
<var>${item_price_locator}</var>
<arg>${label_item_price}</arg>
<arg>{item_name}</arg>
<arg>${item_name}</arg>
<doc>Replaces ``search_for`` in the given ``string`` with ``replace_with``.</doc>
<status status="PASS" start="2025-06-10T18:05:01.897433" elapsed="0.000083"/>
</kw>
<kw name="Get Text" owner="SeleniumLibrary">
<msg time="2025-06-10T18:05:01.910907" level="INFO">${actual_item_name} = Sauce Labs Backpack</msg>
<var>${actual_item_name}</var>
<arg>${item_name_locator}</arg>
<doc>Returns the text value of the element identified by ``locator``.</doc>
<status status="PASS" start="2025-06-10T18:05:01.897584" elapsed="0.013352"/>
</kw>
<kw name="Get Text" owner="SeleniumLibrary">
<msg time="2025-06-10T18:05:01.920121" level="INFO">${actual_item_qty} = 1</msg>
<var>${actual_item_qty}</var>
<arg>${item_qty_locator}</arg>
<doc>Returns the text value of the element identified by ``locator``.</doc>
<status status="PASS" start="2025-06-10T18:05:01.911065" elapsed="0.009082"/>
</kw>
<kw name="Get Text" owner="SeleniumLibrary">
<msg time="2025-06-10T18:05:01.929351" level="INFO">${actual_item_price} = $29.99</msg>
<var>${actual_item_price}</var>
<arg>${item_price_locator}</arg>
<doc>Returns the text value of the element identified by ``locator``.</doc>
<status status="PASS" start="2025-06-10T18:05:01.920261" elapsed="0.009118"/>
</kw>
<kw name="Should Be Equal" owner="BuiltIn">
<arg>${actual_item_name}</arg>
<arg>${item_name}</arg>
<doc>Fails if the given objects are unequal.</doc>
<status status="PASS" start="2025-06-10T18:05:01.929511" elapsed="0.000133"/>
</kw>
<kw name="Should Be Equal" owner="BuiltIn">
<arg>${actual_item_qty}</arg>
<arg>${qty}</arg>
<doc>Fails if the given objects are unequal.</doc>
<status status="PASS" start="2025-06-10T18:05:01.929715" elapsed="0.000076"/>
</kw>
<kw name="Should Be Equal" owner="BuiltIn">
<arg>${actual_item_price}</arg>
<arg>${price}</arg>
<doc>Fails if the given objects are unequal.</doc>
<status status="PASS" start="2025-06-10T18:05:01.929860" elapsed="0.000072"/>
</kw>
<status status="PASS" start="2025-06-10T18:05:01.896819" elapsed="0.033146"/>
</kw>
<kw name="And User click checkout button on cart page" owner="CartPage">
<kw name="Click Button" owner="SeleniumLibrary">
<msg time="2025-06-10T18:05:01.930312" level="INFO">Clicking button 'id=checkout'.</msg>
<arg>${button_checkout}</arg>
<doc>Clicks the button identified by ``locator``.</doc>
<status status="PASS" start="2025-06-10T18:05:01.930227" elapsed="0.039722"/>
</kw>
<status status="PASS" start="2025-06-10T18:05:01.930101" elapsed="0.039922"/>
</kw>
<kw name="And User input first name on checkout page" owner="CheckoutPage">
<kw name="Input Text" owner="SeleniumLibrary">
<msg time="2025-06-10T18:05:01.970795" level="INFO">Typing text 'Lion' into text field 'id=first-name'.</msg>
<arg>${textfield_first_name}</arg>
<arg>${first_name}</arg>
<doc>Types the given ``text`` into the text field identified by ``locator``.</doc>
<status status="PASS" start="2025-06-10T18:05:01.970399" elapsed="0.041713"/>
</kw>
<arg>${first_name}</arg>
<status status="PASS" start="2025-06-10T18:05:01.970205" elapsed="0.041993"/>
</kw>
<kw name="And User input last name on checkout page" owner="CheckoutPage">
<kw name="Input Text" owner="SeleniumLibrary">
<msg time="2025-06-10T18:05:02.012719" level="INFO">Typing text 'Parcel' into text field 'id=last-name'.</msg>
<arg>${textfield_last_name}</arg>
<arg>${last_name}</arg>
<doc>Types the given ``text`` into the text field identified by ``locator``.</doc>
<status status="PASS" start="2025-06-10T18:05:02.012601" elapsed="0.036381"/>
</kw>
<arg>${last_name}</arg>
<status status="PASS" start="2025-06-10T18:05:02.012402" elapsed="0.036655"/>
</kw>
<kw name="And User input postal code on checkout page" owner="CheckoutPage">
<kw name="Input Text" owner="SeleniumLibrary">
<msg time="2025-06-10T18:05:02.049548" level="INFO">Typing text '11530' into text field 'id=postal-code'.</msg>
<arg>${textfield_postal_code}</arg>
<arg>${postal_code}</arg>
<doc>Types the given ``text`` into the text field identified by ``locator``.</doc>
<status status="PASS" start="2025-06-10T18:05:02.049437" elapsed="0.036728"/>
</kw>
<arg>${postal_code}</arg>
<status status="PASS" start="2025-06-10T18:05:02.049231" elapsed="0.037004"/>
</kw>
<kw name="And User click continue button on checkout page" owner="CheckoutPage">
<kw name="Click Button" owner="SeleniumLibrary">
<msg time="2025-06-10T18:05:02.086645" level="INFO">Clicking button 'id=continue'.</msg>
<arg>${button_continue}</arg>
<doc>Clicks the button identified by ``locator``.</doc>
<status status="PASS" start="2025-06-10T18:05:02.086546" elapsed="0.055715"/>
</kw>
<status status="PASS" start="2025-06-10T18:05:02.086393" elapsed="0.055943"/>
</kw>
<kw name="And User see item Sauce Labs Backpack with qty 1 and price $29.99 on checkout page" owner="CheckoutPage" source_name="User see item ${item_name} with qty ${qty} and price ${price} on checkout page">
<kw name="Replace String" owner="String">
<msg time="2025-06-10T18:05:02.143127" level="INFO">${item_name_locator} = xpath=//div[@class="cart_item" and .//div[@data-test="inventory-item-name"][text()="Sauce Labs Backpack"]]//div[@data-test="inventory-item-name"]</msg>
<var>${item_name_locator}</var>
<arg>${label_item_name}</arg>
<arg>{item_name}</arg>
<arg>${item_name}</arg>
<doc>Replaces ``search_for`` in the given ``string`` with ``replace_with``.</doc>
<status status="PASS" start="2025-06-10T18:05:02.143000" elapsed="0.000145"/>
</kw>
<kw name="Replace String" owner="String">
<msg time="2025-06-10T18:05:02.143298" level="INFO">${item_qty_locator} = xpath=//div[@class="cart_item" and .//div[@data-test="inventory-item-name"][text()="Sauce Labs Backpack"]]//div[@data-test="item-quantity"]</msg>
<var>${item_qty_locator}</var>
<arg>${label_item_quantity}</arg>
<arg>{item_name}</arg>
<arg>${item_name}</arg>
<doc>Replaces ``search_for`` in the given ``string`` with ``replace_with``.</doc>
<status status="PASS" start="2025-06-10T18:05:02.143217" elapsed="0.000094"/>
</kw>
<kw name="Replace String" owner="String">
<msg time="2025-06-10T18:05:02.143444" level="INFO">${item_price_locator} = xpath=//div[@class="cart_item" and .//div[@data-test="inventory-item-name"][text()="Sauce Labs Backpack"]]//div[@data-test="inventory-item-price"]</msg>
<var>${item_price_locator}</var>
<arg>${label_item_price}</arg>
<arg>{item_name}</arg>
<arg>${item_name}</arg>
<doc>Replaces ``search_for`` in the given ``string`` with ``replace_with``.</doc>
<status status="PASS" start="2025-06-10T18:05:02.143372" elapsed="0.000083"/>
</kw>
<kw name="Get Text" owner="SeleniumLibrary">
<msg time="2025-06-10T18:05:02.153717" level="INFO">${actual_item_name} = Sauce Labs Backpack</msg>
<var>${actual_item_name}</var>
<arg>${item_name_locator}</arg>
<doc>Returns the text value of the element identified by ``locator``.</doc>
<status status="PASS" start="2025-06-10T18:05:02.143518" elapsed="0.010228"/>
</kw>
<kw name="Get Text" owner="SeleniumLibrary">
<msg time="2025-06-10T18:05:02.161301" level="INFO">${actual_item_qty} = 1</msg>
<var>${actual_item_qty}</var>
<arg>${item_qty_locator}</arg>
<doc>Returns the text value of the element identified by ``locator``.</doc>
<status status="PASS" start="2025-06-10T18:05:02.153877" elapsed="0.007511"/>
</kw>
<kw name="Get Text" owner="SeleniumLibrary">
<msg time="2025-06-10T18:05:02.169065" level="INFO">${actual_item_price} = $29.99</msg>
<var>${actual_item_price}</var>
<arg>${item_price_locator}</arg>
<doc>Returns the text value of the element identified by ``locator``.</doc>
<status status="PASS" start="2025-06-10T18:05:02.161513" elapsed="0.007581"/>
</kw>
<kw name="Should Be Equal" owner="BuiltIn">
<arg>${actual_item_name}</arg>
<arg>${item_name}</arg>
<doc>Fails if the given objects are unequal.</doc>
<status status="PASS" start="2025-06-10T18:05:02.169223" elapsed="0.000124"/>
</kw>
<kw name="Should Be Equal" owner="BuiltIn">
<arg>${actual_item_qty}</arg>
<arg>${qty}</arg>
<doc>Fails if the given objects are unequal.</doc>
<status status="PASS" start="2025-06-10T18:05:02.169415" elapsed="0.000078"/>
</kw>
<kw name="Should Be Equal" owner="BuiltIn">
<arg>${actual_item_price}</arg>
<arg>${price}</arg>
<doc>Fails if the given objects are unequal.</doc>
<status status="PASS" start="2025-06-10T18:05:02.169557" elapsed="0.000068"/>
</kw>
<status status="PASS" start="2025-06-10T18:05:02.142699" elapsed="0.026960"/>
</kw>
<kw name="And User see payment information is SauceCard #31337 on checkout page" owner="CheckoutPage" source_name="User see payment information is ${payment_info} on checkout page">
<kw name="Get Text" owner="SeleniumLibrary">
<msg time="2025-06-10T18:05:02.180186" level="INFO">${actual_payment_info} = SauceCard #31337</msg>
<var>${actual_payment_info}</var>
<arg>${label_payment_info}</arg>
<doc>Returns the text value of the element identified by ``locator``.</doc>
<status status="PASS" start="2025-06-10T18:05:02.169947" elapsed="0.010269"/>
</kw>
<kw name="Should Be Equal" owner="BuiltIn">
<arg>${actual_payment_info}</arg>
<arg>${payment_info}</arg>
<doc>Fails if the given objects are unequal.</doc>
<status status="PASS" start="2025-06-10T18:05:02.180388" elapsed="0.000146"/>
</kw>
<status status="PASS" start="2025-06-10T18:05:02.169808" elapsed="0.010771"/>
</kw>
<kw name="And User see shipping information is Free Pony Express Delivery! on checkout page" owner="CheckoutPage" source_name="User see shipping information is ${shipping_info} on checkout page">
<kw name="Get Text" owner="SeleniumLibrary">
<msg time="2025-06-10T18:05:02.189857" level="INFO">${actutal_shipping_info} = Free Pony Express Delivery!</msg>
<var>${actutal_shipping_info}</var>
<arg>${label_shipping_info}</arg>
<doc>Returns the text value of the element identified by ``locator``.</doc>
<status status="PASS" start="2025-06-10T18:05:02.180889" elapsed="0.008997"/>
</kw>
<kw name="Should Be Equal" owner="BuiltIn">
<arg>${actutal_shipping_info}</arg>
<arg>${shipping_info}</arg>
<doc>Fails if the given objects are unequal.</doc>
<status status="PASS" start="2025-06-10T18:05:02.190002" elapsed="0.000110"/>
</kw>
<status status="PASS" start="2025-06-10T18:05:02.180737" elapsed="0.009414"/>
</kw>
<kw name="And User see price total information with item total $29.99 and tax $2.40 on checkout page" owner="CheckoutPage" source_name="User see price total information with item total ${item_total_price} and tax ${tax_price} on checkout page">
<kw name="Get Text" owner="SeleniumLibrary">
<msg time="2025-06-10T18:05:02.199250" level="INFO">${item_total_price_text} = Item total: $29.99</msg>
<var>${item_total_price_text}</var>
<arg>${label_item_total_price}</arg>
<doc>Returns the text value of the element identified by ``locator``.</doc>
<status status="PASS" start="2025-06-10T18:05:02.190473" elapsed="0.008803"/>
</kw>
<kw name="Get Text" owner="SeleniumLibrary">
<msg time="2025-06-10T18:05:02.208717" level="INFO">${tax_price_text} = Tax: $2.40</msg>
<var>${tax_price_text}</var>
<arg>${label_tax_price}</arg>
<doc>Returns the text value of the element identified by ``locator``.</doc>
<status status="PASS" start="2025-06-10T18:05:02.199389" elapsed="0.009356"/>
</kw>
<kw name="Replace String" owner="String">
<msg time="2025-06-10T18:05:02.208959" level="INFO">${actual_item_total_price} = $29.99</msg>
<var>${actual_item_total_price}</var>
<arg>${item_total_price_text}</arg>
<arg>Item total: $</arg>
<arg>$</arg>
<doc>Replaces ``search_for`` in the given ``string`` with ``replace_with``.</doc>
<status status="PASS" start="2025-06-10T18:05:02.208858" elapsed="0.000113"/>
</kw>
<kw name="Replace String" owner="String">
<msg time="2025-06-10T18:05:02.209098" level="INFO">${actual_tax_price} = $2.40</msg>
<var>${actual_tax_price}</var>
<arg>${tax_price_text}</arg>
<arg>Tax: $</arg>
<arg>$</arg>
<doc>Replaces ``search_for`` in the given ``string`` with ``replace_with``.</doc>
<status status="PASS" start="2025-06-10T18:05:02.209034" elapsed="0.000075"/>
</kw>
<kw name="Should Be Equal" owner="BuiltIn">
<arg>${actual_item_total_price}</arg>
<arg>${item_total_price}</arg>
<doc>Fails if the given objects are unequal.</doc>
<status status="PASS" start="2025-06-10T18:05:02.209168" elapsed="0.000088"/>
</kw>
<kw name="Should Be Equal" owner="BuiltIn">
<arg>${actual_tax_price}</arg>
<arg>${tax_price}</arg>
<doc>Fails if the given objects are unequal.</doc>
<status status="PASS" start="2025-06-10T18:05:02.209313" elapsed="0.000065"/>
</kw>
<status status="PASS" start="2025-06-10T18:05:02.190338" elapsed="0.019072"/>
</kw>
<kw name="And User see total is $32.39 on checkout page" owner="CheckoutPage" source_name="User see total is ${total_price} on checkout page">
<kw name="Get Text" owner="SeleniumLibrary">
<msg time="2025-06-10T18:05:02.218384" level="INFO">${total_price_text} = Total: $32.39</msg>
<var>${total_price_text}</var>
<arg>${label_total_price}</arg>
<doc>Returns the text value of the element identified by ``locator``.</doc>
<status status="PASS" start="2025-06-10T18:05:02.209706" elapsed="0.008701"/>
</kw>
<kw name="Replace String" owner="String">
<msg time="2025-06-10T18:05:02.218670" level="INFO">${actual_total_price} = $32.39</msg>
<var>${actual_total_price}</var>
<arg>${total_price_text}</arg>
<arg>Total: $</arg>
<arg>$</arg>
<doc>Replaces ``search_for`` in the given ``string`` with ``replace_with``.</doc>
<status status="PASS" start="2025-06-10T18:05:02.218513" elapsed="0.000170"/>
</kw>
<kw name="Should Be Equal" owner="BuiltIn">
<arg>${actual_total_price}</arg>
<arg>${total_price}</arg>
<doc>Fails if the given objects are unequal.</doc>
<status status="PASS" start="2025-06-10T18:05:02.218754" elapsed="0.000083"/>
</kw>
<status status="PASS" start="2025-06-10T18:05:02.209570" elapsed="0.009302"/>
</kw>
<kw name="When User click finish button on checkout page" owner="CheckoutPage">
<kw name="Click Button" owner="SeleniumLibrary">
<msg time="2025-06-10T18:05:02.219243" level="INFO">Clicking button 'id=finish'.</msg>
<arg>${button_finish}</arg>
<doc>Clicks the button identified by ``locator``.</doc>
<status status="PASS" start="2025-06-10T18:05:02.219147" elapsed="0.036992"/>
</kw>
<status status="PASS" start="2025-06-10T18:05:02.219016" elapsed="0.037231"/>
</kw>
<kw name="Then User see success message Thank you for your order! on checkout page" owner="CheckoutPage" source_name="User see success message ${thankyou_message} on checkout page">
<kw name="Get Text" owner="SeleniumLibrary">
<msg time="2025-06-10T18:05:02.267896" level="INFO">${label_thankyou_order_text} = Thank you for your order!</msg>
<var>${label_thankyou_order_text}</var>
<arg>${label_thankyou_order}</arg>
<doc>Returns the text value of the element identified by ``locator``.</doc>
<status status="PASS" start="2025-06-10T18:05:02.256803" elapsed="0.011117"/>
</kw>
<kw name="Should Be Equal" owner="BuiltIn">
<arg>${label_thankyou_order_text}</arg>
<arg>${thankyou_message}</arg>
<doc>Fails if the given objects are unequal.</doc>
<status status="PASS" start="2025-06-10T18:05:02.268021" elapsed="0.000103"/>
</kw>
<status status="PASS" start="2025-06-10T18:05:02.256587" elapsed="0.011572"/>
</kw>
<kw name="And User close the browser" owner="BrowserPage">
<kw name="Close Browser" owner="SeleniumLibrary">
<doc>Closes the current browser.</doc>
<status status="PASS" start="2025-06-10T18:05:02.268401" elapsed="0.074939"/>
</kw>
<status status="PASS" start="2025-06-10T18:05:02.268289" elapsed="0.075130"/>
</kw>
<status status="PASS" start="2025-06-10T18:04:59.001995" elapsed="3.341563"/>
</test>
<status status="PASS" start="2025-06-10T18:04:58.921655" elapsed="3.422262"/>
</suite>
<statistics>
<total>
<stat pass="1" fail="0" skip="0">All Tests</stat>
</total>
<tag>
</tag>
<suite>
<stat name="Checkout" id="s1" pass="1" fail="0" skip="0">Checkout</stat>
</suite>
</statistics>
<errors>
</errors>
</robot>
