<?xml version="1.0" encoding="UTF-8"?>
<robot generator="Robot 7.3 (Python 3.13.3 on darwin)" generated="2025-06-10T08:00:43.236888" rpa="false" schemaversion="5">
<suite id="s1" name="Checkout" source="/Users/adittriyadi/Documents/adit-triyadi-lion-parcel/Assignment-1-2-4/web/TestCase/Checkout.robot">
<test id="s1-t1" name="Verify user successfully checkout a product on saucedemo.com" line="5">
<kw name="Given User go to saucedemo website" owner="BrowserPage">
<kw name="Evaluate" owner="BuiltIn">
<msg time="2025-06-10T08:00:43.310990" level="INFO">${chrome_option} = &lt;selenium.webdriver.chrome.options.Options object at 0x104be3380&gt;</msg>
<var>${chrome_option}</var>
<arg>sys.modules['selenium.webdriver'].ChromeOptions()</arg>
<arg>sys, selenium.webdriver</arg>
<doc>Evaluates the given expression in Python and returns the result.</doc>
<status status="PASS" start="2025-06-10T08:00:43.310814" elapsed="0.000198"/>
</kw>
<kw name="Call Method" owner="BuiltIn">
<arg>${chrome_option}</arg>
<arg>add_argument</arg>
<arg>--guest</arg>
<doc>Calls the named method of the given object with the provided arguments.</doc>
<status status="PASS" start="2025-06-10T08:00:43.311104" elapsed="0.000085"/>
</kw>
<kw name="Open Browser" owner="SeleniumLibrary">
<msg time="2025-06-10T08:00:43.311417" level="INFO">Opening browser 'chrome' to base url 'https://www.saucedemo.com'.</msg>
<arg>${url}</arg>
<arg>${browser}</arg>
<arg>options=${chrome_option}</arg>
<doc>Opens a new browser instance to the optional ``url``.</doc>
<status status="PASS" start="2025-06-10T08:00:43.311273" elapsed="1.692085"/>
</kw>
<kw name="Maximize Browser Window" owner="SeleniumLibrary">
<doc>Maximizes current browser window.</doc>
<status status="PASS" start="2025-06-10T08:00:45.003692" elapsed="0.369572"/>
</kw>
<arg>${url}</arg>
<arg>${browser}</arg>
<status status="PASS" start="2025-06-10T08:00:43.310383" elapsed="2.063034"/>
</kw>
<kw name="And User input username on login page" owner="LoginPage">
<kw name="Input Text" owner="SeleniumLibrary">
<msg time="2025-06-10T08:00:45.374538" level="INFO">Typing text 'standard_user' into text field 'id=user-name'.</msg>
<arg>${textfield_username}</arg>
<arg>${username}</arg>
<doc>Types the given ``text`` into the text field identified by ``locator``.</doc>
<status status="PASS" start="2025-06-10T08:00:45.374113" elapsed="0.102977"/>
</kw>
<arg>${username}</arg>
<status status="PASS" start="2025-06-10T08:00:45.373767" elapsed="0.103424"/>
</kw>
<kw name="And User input password on login page" owner="LoginPage">
<kw name="Input Password" owner="SeleniumLibrary">
<msg time="2025-06-10T08:00:45.477894" level="INFO">Typing password into text field 'id=password'.</msg>
<msg time="2025-06-10T08:00:45.494123" level="INFO">Temporally setting log level to: NONE</msg>
<arg>${textfield_password}</arg>
<arg>${password}</arg>
<doc>Types the given password into the text field identified by ``locator``.</doc>
<status status="PASS" start="2025-06-10T08:00:45.477705" elapsed="0.040964"/>
</kw>
<arg>${password}</arg>
<status status="PASS" start="2025-06-10T08:00:45.477345" elapsed="0.041414"/>
</kw>
<kw name="And User click login button on login page" owner="LoginPage">
<kw name="Click Button" owner="SeleniumLibrary">
<msg time="2025-06-10T08:00:45.519232" level="INFO">Clicking button 'id=login-button'.</msg>
<arg>${button_login}</arg>
<doc>Clicks the button identified by ``locator``.</doc>
<status status="PASS" start="2025-06-10T08:00:45.519107" elapsed="0.048941"/>
</kw>
<status status="PASS" start="2025-06-10T08:00:45.518897" elapsed="0.049233"/>
</kw>
<kw name="And User click add to cart button for item Sauce Labs Backpack on inventory page" owner="InventoryPage" source_name="User click add to cart button for item ${item_name} on inventory page">
<kw name="Convert To Lower Case" owner="String">
<msg time="2025-06-10T08:00:45.568654" level="INFO">${item_name_lower_case} = sauce labs backpack</msg>
<var>${item_name_lower_case}</var>
<arg>${item_name}</arg>
<doc>Converts string to lower case.</doc>
<status status="PASS" start="2025-06-10T08:00:45.568546" elapsed="0.000126"/>
</kw>
<kw name="Replace String" owner="String">
<msg time="2025-06-10T08:00:45.568835" level="INFO">${item_name_lower_case} = sauce-labs-backpack</msg>
<var>${item_name_lower_case}</var>
<arg>${item_name_lower_case}</arg>
<arg>${SPACE}</arg>
<arg>-</arg>
<doc>Replaces ``search_for`` in the given ``string`` with ``replace_with``.</doc>
<status status="PASS" start="2025-06-10T08:00:45.568740" elapsed="0.000109"/>
</kw>
<kw name="Replace String" owner="String">
<msg time="2025-06-10T08:00:45.568998" level="INFO">${locator} = id=add-to-cart-sauce-labs-backpack</msg>
<var>${locator}</var>
<arg>${button_add_to_cart}</arg>
<arg>{item_name}</arg>
<arg>${item_name_lower_case}</arg>
<doc>Replaces ``search_for`` in the given ``string`` with ``replace_with``.</doc>
<status status="PASS" start="2025-06-10T08:00:45.568915" elapsed="0.000096"/>
</kw>
<kw name="Wait Until Element Is Visible" owner="SeleniumLibrary">
<arg>${locator}</arg>
<arg>timeout=10s</arg>
<doc>Waits until the element ``locator`` is visible.</doc>
<status status="PASS" start="2025-06-10T08:00:45.569085" elapsed="0.012728"/>
</kw>
<kw name="Wait Until Element Is Enabled" owner="SeleniumLibrary">
<arg>${locator}</arg>
<arg>timeout=10s</arg>
<doc>Waits until the element ``locator`` is enabled.</doc>
<status status="PASS" start="2025-06-10T08:00:45.581986" elapsed="0.011634"/>
</kw>
<kw name="Click Element" owner="SeleniumLibrary">
<msg time="2025-06-10T08:00:45.593946" level="INFO">Clicking element 'id=add-to-cart-sauce-labs-backpack'.</msg>
<arg>${locator}</arg>
<doc>Click the element identified by ``locator``.</doc>
<status status="PASS" start="2025-06-10T08:00:45.593767" elapsed="0.031224"/>
</kw>
<status status="PASS" start="2025-06-10T08:00:45.568310" elapsed="0.056767"/>
</kw>
<kw name="And User click shopping bag button on inventory page" owner="InventoryPage">
<kw name="Wait Until Element Is Visible" owner="SeleniumLibrary">
<arg>${button_shopping_bag}</arg>
<arg>timeout=10s</arg>
<doc>Waits until the element ``locator`` is visible.</doc>
<status status="PASS" start="2025-06-10T08:00:45.625455" elapsed="0.009530"/>
</kw>
<kw name="Wait Until Element Is Enabled" owner="SeleniumLibrary">
<arg>${button_shopping_bag}</arg>
<arg>timeout=10s</arg>
<doc>Waits until the element ``locator`` is enabled.</doc>
<status status="PASS" start="2025-06-10T08:00:45.635133" elapsed="0.010267"/>
</kw>
<kw name="Click Element" owner="SeleniumLibrary">
<msg time="2025-06-10T08:00:45.645718" level="INFO">Clicking element 'css=a[data-test="shopping-cart-link"]'.</msg>
<arg>${button_shopping_bag}</arg>
<doc>Click the element identified by ``locator``.</doc>
<status status="PASS" start="2025-06-10T08:00:45.645540" elapsed="0.028137"/>
</kw>
<status status="PASS" start="2025-06-10T08:00:45.625223" elapsed="0.048527"/>
</kw>
<kw name="And User see item Sauce Labs Backpack with qty 1 and price $29.99 on cart page" owner="CartPage" source_name="User see item ${item_name} with qty ${qty} and price ${price} on cart page">
<kw name="Replace String" owner="String">
<msg time="2025-06-10T08:00:45.674265" level="INFO">${item_name_locator} = xpath=//div[@class="cart_item" and .//div[@data-test="inventory-item-name"][text()="Sauce Labs Backpack"]]//div[@data-test="inventory-item-name"]</msg>
<var>${item_name_locator}</var>
<arg>${label_item_name}</arg>
<arg>{item_name}</arg>
<arg>${item_name}</arg>
<doc>Replaces ``search_for`` in the given ``string`` with ``replace_with``.</doc>
<status status="PASS" start="2025-06-10T08:00:45.674162" elapsed="0.000124"/>
</kw>
<kw name="Replace String" owner="String">
<msg time="2025-06-10T08:00:45.674428" level="INFO">${item_qty_locator} = xpath=//div[@class="cart_item" and .//div[@data-test="inventory-item-name"][text()="Sauce Labs Backpack"]]//div[@data-test="item-quantity"]</msg>
<var>${item_qty_locator}</var>
<arg>${label_item_quantity}</arg>
<arg>{item_name}</arg>
<arg>${item_name}</arg>
<doc>Replaces ``search_for`` in the given ``string`` with ``replace_with``.</doc>
<status status="PASS" start="2025-06-10T08:00:45.674350" elapsed="0.000092"/>
</kw>
<kw name="Replace String" owner="String">
<msg time="2025-06-10T08:00:45.674710" level="INFO">${item_price_locator} = xpath=//div[@class="cart_item" and .//div[@data-test="inventory-item-name"][text()="Sauce Labs Backpack"]]//div[@data-test="inventory-item-price"]</msg>
<var>${item_price_locator}</var>
<arg>${label_item_price}</arg>
<arg>{item_name}</arg>
<arg>${item_name}</arg>
<doc>Replaces ``search_for`` in the given ``string`` with ``replace_with``.</doc>
<status status="PASS" start="2025-06-10T08:00:45.674628" elapsed="0.000096"/>
</kw>
<kw name="Get Text" owner="SeleniumLibrary">
<msg time="2025-06-10T08:00:45.687380" level="INFO">${actual_item_name} = Sauce Labs Backpack</msg>
<var>${actual_item_name}</var>
<arg>${item_name_locator}</arg>
<doc>Returns the text value of the element identified by ``locator``.</doc>
<status status="PASS" start="2025-06-10T08:00:45.674791" elapsed="0.012625"/>
</kw>
<kw name="Get Text" owner="SeleniumLibrary">
<msg time="2025-06-10T08:00:45.696297" level="INFO">${actual_item_qty} = 1</msg>
<var>${actual_item_qty}</var>
<arg>${item_qty_locator}</arg>
<doc>Returns the text value of the element identified by ``locator``.</doc>
<status status="PASS" start="2025-06-10T08:00:45.687551" elapsed="0.008772"/>
</kw>
<kw name="Get Text" owner="SeleniumLibrary">
<msg time="2025-06-10T08:00:45.704919" level="INFO">${actual_item_price} = $29.99</msg>
<var>${actual_item_price}</var>
<arg>${item_price_locator}</arg>
<doc>Returns the text value of the element identified by ``locator``.</doc>
<status status="PASS" start="2025-06-10T08:00:45.696430" elapsed="0.008515"/>
</kw>
<kw name="Should Be Equal" owner="BuiltIn">
<arg>${actual_item_name}</arg>
<arg>${item_name}</arg>
<doc>Fails if the given objects are unequal.</doc>
<status status="PASS" start="2025-06-10T08:00:45.705067" elapsed="0.000160"/>
</kw>
<kw name="Should Be Equal" owner="BuiltIn">
<arg>${actual_item_qty}</arg>
<arg>${qty}</arg>
<doc>Fails if the given objects are unequal.</doc>
<status status="PASS" start="2025-06-10T08:00:45.705306" elapsed="0.000092"/>
</kw>
<kw name="Should Be Equal" owner="BuiltIn">
<arg>${actual_item_price}</arg>
<arg>${price}</arg>
<doc>Fails if the given objects are unequal.</doc>
<status status="PASS" start="2025-06-10T08:00:45.705462" elapsed="0.000079"/>
</kw>
<status status="PASS" start="2025-06-10T08:00:45.673947" elapsed="0.031630"/>
</kw>
<kw name="And User click checkout button on cart page" owner="CartPage">
<kw name="Click Button" owner="SeleniumLibrary">
<msg time="2025-06-10T08:00:45.705911" level="INFO">Clicking button 'id=checkout'.</msg>
<arg>${button_checkout}</arg>
<doc>Clicks the button identified by ``locator``.</doc>
<status status="PASS" start="2025-06-10T08:00:45.705815" elapsed="0.034466"/>
</kw>
<status status="PASS" start="2025-06-10T08:00:45.705685" elapsed="0.034678"/>
</kw>
<kw name="And User input first name on checkout page" owner="CheckoutPage">
<kw name="Input Text" owner="SeleniumLibrary">
<msg time="2025-06-10T08:00:45.741108" level="INFO">Typing text 'Lion' into text field 'id=first-name'.</msg>
<arg>${textfield_first_name}</arg>
<arg>${first_name}</arg>
<doc>Types the given ``text`` into the text field identified by ``locator``.</doc>
<status status="PASS" start="2025-06-10T08:00:45.740737" elapsed="0.035777"/>
</kw>
<arg>${first_name}</arg>
<status status="PASS" start="2025-06-10T08:00:45.740504" elapsed="0.036091"/>
</kw>
<kw name="And User input last name on checkout page" owner="CheckoutPage">
<kw name="Input Text" owner="SeleniumLibrary">
<msg time="2025-06-10T08:00:45.777095" level="INFO">Typing text 'Parcel' into text field 'id=last-name'.</msg>
<arg>${textfield_last_name}</arg>
<arg>${last_name}</arg>
<doc>Types the given ``text`` into the text field identified by ``locator``.</doc>
<status status="PASS" start="2025-06-10T08:00:45.776963" elapsed="0.035609"/>
</kw>
<arg>${last_name}</arg>
<status status="PASS" start="2025-06-10T08:00:45.776737" elapsed="0.035907"/>
</kw>
<kw name="And User input postal code on checkout page" owner="CheckoutPage">
<kw name="Input Text" owner="SeleniumLibrary">
<msg time="2025-06-10T08:00:45.813124" level="INFO">Typing text '11530' into text field 'id=postal-code'.</msg>
<arg>${textfield_postal_code}</arg>
<arg>${postal_code}</arg>
<doc>Types the given ``text`` into the text field identified by ``locator``.</doc>
<status status="PASS" start="2025-06-10T08:00:45.813006" elapsed="0.032753"/>
</kw>
<arg>${postal_code}</arg>
<status status="PASS" start="2025-06-10T08:00:45.812776" elapsed="0.033054"/>
</kw>
<kw name="And User click continue button on checkout page" owner="CheckoutPage">
<kw name="Click Button" owner="SeleniumLibrary">
<msg time="2025-06-10T08:00:45.846286" level="INFO">Clicking button 'id=continue'.</msg>
<arg>${button_continue}</arg>
<doc>Clicks the button identified by ``locator``.</doc>
<status status="PASS" start="2025-06-10T08:00:45.846166" elapsed="0.040360"/>
</kw>
<status status="PASS" start="2025-06-10T08:00:45.845957" elapsed="0.040645"/>
</kw>
<kw name="And User see item Sauce Labs Backpack with qty 1 and price $29.99 on checkout page" owner="CheckoutPage" source_name="User see item ${item_name} with qty ${qty} and price ${price} on checkout page">
<kw name="Replace String" owner="String">
<msg time="2025-06-10T08:00:45.887153" level="INFO">${item_name_locator} = xpath=//div[@class="cart_item" and .//div[@data-test="inventory-item-name"][text()="Sauce Labs Backpack"]]//div[@data-test="inventory-item-name"]</msg>
<var>${item_name_locator}</var>
<arg>${label_item_name}</arg>
<arg>{item_name}</arg>
<arg>${item_name}</arg>
<doc>Replaces ``search_for`` in the given ``string`` with ``replace_with``.</doc>
<status status="PASS" start="2025-06-10T08:00:45.887042" elapsed="0.000129"/>
</kw>
<kw name="Replace String" owner="String">
<msg time="2025-06-10T08:00:45.887324" level="INFO">${item_qty_locator} = xpath=//div[@class="cart_item" and .//div[@data-test="inventory-item-name"][text()="Sauce Labs Backpack"]]//div[@data-test="item-quantity"]</msg>
<var>${item_qty_locator}</var>
<arg>${label_item_quantity}</arg>
<arg>{item_name}</arg>
<arg>${item_name}</arg>
<doc>Replaces ``search_for`` in the given ``string`` with ``replace_with``.</doc>
<status status="PASS" start="2025-06-10T08:00:45.887238" elapsed="0.000101"/>
</kw>
<kw name="Replace String" owner="String">
<msg time="2025-06-10T08:00:45.887481" level="INFO">${item_price_locator} = xpath=//div[@class="cart_item" and .//div[@data-test="inventory-item-name"][text()="Sauce Labs Backpack"]]//div[@data-test="inventory-item-price"]</msg>
<var>${item_price_locator}</var>
<arg>${label_item_price}</arg>
<arg>{item_name}</arg>
<arg>${item_name}</arg>
<doc>Replaces ``search_for`` in the given ``string`` with ``replace_with``.</doc>
<status status="PASS" start="2025-06-10T08:00:45.887401" elapsed="0.000093"/>
</kw>
<kw name="Get Text" owner="SeleniumLibrary">
<msg time="2025-06-10T08:00:45.897224" level="INFO">${actual_item_name} = Sauce Labs Backpack</msg>
<var>${actual_item_name}</var>
<arg>${item_name_locator}</arg>
<doc>Returns the text value of the element identified by ``locator``.</doc>
<status status="PASS" start="2025-06-10T08:00:45.887561" elapsed="0.009693"/>
</kw>
<kw name="Get Text" owner="SeleniumLibrary">
<msg time="2025-06-10T08:00:45.905056" level="INFO">${actual_item_qty} = 1</msg>
<var>${actual_item_qty}</var>
<arg>${item_qty_locator}</arg>
<doc>Returns the text value of the element identified by ``locator``.</doc>
<status status="PASS" start="2025-06-10T08:00:45.897394" elapsed="0.007690"/>
</kw>
<kw name="Get Text" owner="SeleniumLibrary">
<msg time="2025-06-10T08:00:45.911674" level="INFO">${actual_item_price} = $29.99</msg>
<var>${actual_item_price}</var>
<arg>${item_price_locator}</arg>
<doc>Returns the text value of the element identified by ``locator``.</doc>
<status status="PASS" start="2025-06-10T08:00:45.905202" elapsed="0.006496"/>
</kw>
<kw name="Should Be Equal" owner="BuiltIn">
<arg>${actual_item_name}</arg>
<arg>${item_name}</arg>
<doc>Fails if the given objects are unequal.</doc>
<status status="PASS" start="2025-06-10T08:00:45.911799" elapsed="0.000148"/>
</kw>
<kw name="Should Be Equal" owner="BuiltIn">
<arg>${actual_item_qty}</arg>
<arg>${qty}</arg>
<doc>Fails if the given objects are unequal.</doc>
<status status="PASS" start="2025-06-10T08:00:45.912074" elapsed="0.000086"/>
</kw>
<kw name="Should Be Equal" owner="BuiltIn">
<arg>${actual_item_price}</arg>
<arg>${price}</arg>
<doc>Fails if the given objects are unequal.</doc>
<status status="PASS" start="2025-06-10T08:00:45.912223" elapsed="0.000077"/>
</kw>
<status status="PASS" start="2025-06-10T08:00:45.886801" elapsed="0.025536"/>
</kw>
<kw name="And User see payment information is SauceCard #31337 on checkout page" owner="CheckoutPage" source_name="User see payment information is ${payment_info} on checkout page">
<kw name="Get Text" owner="SeleniumLibrary">
<msg time="2025-06-10T08:00:45.920690" level="INFO">${actual_payment_info} = SauceCard #31337</msg>
<var>${actual_payment_info}</var>
<arg>${label_payment_info}</arg>
<doc>Returns the text value of the element identified by ``locator``.</doc>
<status status="PASS" start="2025-06-10T08:00:45.912585" elapsed="0.008130"/>
</kw>
<kw name="Should Be Equal" owner="BuiltIn">
<arg>${actual_payment_info}</arg>
<arg>${payment_info}</arg>
<doc>Fails if the given objects are unequal.</doc>
<status status="PASS" start="2025-06-10T08:00:45.920831" elapsed="0.000155"/>
</kw>
<status status="PASS" start="2025-06-10T08:00:45.912445" elapsed="0.008582"/>
</kw>
<kw name="And User see shipping information is Free Pony Express Delivery! on checkout page" owner="CheckoutPage" source_name="User see shipping information is ${shipping_info} on checkout page">
<kw name="Get Text" owner="SeleniumLibrary">
<msg time="2025-06-10T08:00:45.929892" level="INFO">${actutal_shipping_info} = Free Pony Express Delivery!</msg>
<var>${actutal_shipping_info}</var>
<arg>${label_shipping_info}</arg>
<doc>Returns the text value of the element identified by ``locator``.</doc>
<status status="PASS" start="2025-06-10T08:00:45.921300" elapsed="0.008621"/>
</kw>
<kw name="Should Be Equal" owner="BuiltIn">
<arg>${actutal_shipping_info}</arg>
<arg>${shipping_info}</arg>
<doc>Fails if the given objects are unequal.</doc>
<status status="PASS" start="2025-06-10T08:00:45.930045" elapsed="0.000155"/>
</kw>
<status status="PASS" start="2025-06-10T08:00:45.921153" elapsed="0.009087"/>
</kw>
<kw name="And User see price total information with item total $29.99 and tax $2.40 on checkout page" owner="CheckoutPage" source_name="User see price total information with item total ${item_total_price} and tax ${tax_price} on checkout page">
<kw name="Get Text" owner="SeleniumLibrary">
<msg time="2025-06-10T08:00:45.939710" level="INFO">${item_total_price_text} = Item total: $29.99</msg>
<var>${item_total_price_text}</var>
<arg>${label_item_total_price}</arg>
<doc>Returns the text value of the element identified by ``locator``.</doc>
<status status="PASS" start="2025-06-10T08:00:45.930550" elapsed="0.009189"/>
</kw>
<kw name="Get Text" owner="SeleniumLibrary">
<msg time="2025-06-10T08:00:45.948218" level="INFO">${tax_price_text} = Tax: $2.40</msg>
<var>${tax_price_text}</var>
<arg>${label_tax_price}</arg>
<doc>Returns the text value of the element identified by ``locator``.</doc>
<status status="PASS" start="2025-06-10T08:00:45.939857" elapsed="0.008385"/>
</kw>
<kw name="Replace String" owner="String">
<msg time="2025-06-10T08:00:45.948470" level="INFO">${actual_item_total_price} = $29.99</msg>
<var>${actual_item_total_price}</var>
<arg>${item_total_price_text}</arg>
<arg>Item total: $</arg>
<arg>$</arg>
<doc>Replaces ``search_for`` in the given ``string`` with ``replace_with``.</doc>
<status status="PASS" start="2025-06-10T08:00:45.948344" elapsed="0.000140"/>
</kw>
<kw name="Replace String" owner="String">
<msg time="2025-06-10T08:00:45.948630" level="INFO">${actual_tax_price} = $2.40</msg>
<var>${actual_tax_price}</var>
<arg>${tax_price_text}</arg>
<arg>Tax: $</arg>
<arg>$</arg>
<doc>Replaces ``search_for`` in the given ``string`` with ``replace_with``.</doc>
<status status="PASS" start="2025-06-10T08:00:45.948551" elapsed="0.000092"/>
</kw>
<kw name="Should Be Equal" owner="BuiltIn">
<arg>${actual_item_total_price}</arg>
<arg>${item_total_price}</arg>
<doc>Fails if the given objects are unequal.</doc>
<status status="PASS" start="2025-06-10T08:00:45.948714" elapsed="0.000095"/>
</kw>
<kw name="Should Be Equal" owner="BuiltIn">
<arg>${actual_tax_price}</arg>
<arg>${tax_price}</arg>
<doc>Fails if the given objects are unequal.</doc>
<status status="PASS" start="2025-06-10T08:00:45.948869" elapsed="0.000077"/>
</kw>
<status status="PASS" start="2025-06-10T08:00:45.930400" elapsed="0.018581"/>
</kw>
<kw name="And User see total is $32.39 on checkout page" owner="CheckoutPage" source_name="User see total is ${total_price} on checkout page">
<kw name="Get Text" owner="SeleniumLibrary">
<msg time="2025-06-10T08:00:45.957335" level="INFO">${total_price_text} = Total: $32.39</msg>
<var>${total_price_text}</var>
<arg>${label_total_price}</arg>
<doc>Returns the text value of the element identified by ``locator``.</doc>
<status status="PASS" start="2025-06-10T08:00:45.949237" elapsed="0.008121"/>
</kw>
<kw name="Replace String" owner="String">
<msg time="2025-06-10T08:00:45.957567" level="INFO">${actual_total_price} = $32.39</msg>
<var>${actual_total_price}</var>
<arg>${total_price_text}</arg>
<arg>Total: $</arg>
<arg>$</arg>
<doc>Replaces ``search_for`` in the given ``string`` with ``replace_with``.</doc>
<status status="PASS" start="2025-06-10T08:00:45.957451" elapsed="0.000131"/>
</kw>
<kw name="Should Be Equal" owner="BuiltIn">
<arg>${actual_total_price}</arg>
<arg>${total_price}</arg>
<doc>Fails if the given objects are unequal.</doc>
<status status="PASS" start="2025-06-10T08:00:45.957653" elapsed="0.000135"/>
</kw>
<status status="PASS" start="2025-06-10T08:00:45.949104" elapsed="0.008737"/>
</kw>
<kw name="When User click finish button on checkout page" owner="CheckoutPage">
<kw name="Click Button" owner="SeleniumLibrary">
<msg time="2025-06-10T08:00:45.958160" level="INFO">Clicking button 'id=finish'.</msg>
<arg>${button_finish}</arg>
<doc>Clicks the button identified by ``locator``.</doc>
<status status="PASS" start="2025-06-10T08:00:45.958069" elapsed="0.033250"/>
</kw>
<status status="PASS" start="2025-06-10T08:00:45.957935" elapsed="0.033463"/>
</kw>
<kw name="Then User see success message Thank you for your order! on checkout page" owner="CheckoutPage" source_name="User see success message ${thankyou_message} on checkout page">
<kw name="Get Text" owner="SeleniumLibrary">
<msg time="2025-06-10T08:00:46.000988" level="INFO">${label_thankyou_order_text} = Thank you for your order!</msg>
<var>${label_thankyou_order_text}</var>
<arg>${label_thankyou_order}</arg>
<doc>Returns the text value of the element identified by ``locator``.</doc>
<status status="PASS" start="2025-06-10T08:00:45.991746" elapsed="0.009274"/>
</kw>
<kw name="Should Be Equal" owner="BuiltIn">
<arg>${label_thankyou_order_text}</arg>
<arg>${thankyou_message}</arg>
<doc>Fails if the given objects are unequal.</doc>
<status status="PASS" start="2025-06-10T08:00:46.001137" elapsed="0.000151"/>
</kw>
<status status="PASS" start="2025-06-10T08:00:45.991549" elapsed="0.009782"/>
</kw>
<kw name="And User close the browser" owner="BrowserPage">
<kw name="Close Browser" owner="SeleniumLibrary">
<doc>Closes the current browser.</doc>
<status status="PASS" start="2025-06-10T08:00:46.001589" elapsed="0.097361"/>
</kw>
<status status="PASS" start="2025-06-10T08:00:46.001439" elapsed="0.097640"/>
</kw>
<tag>cihuy</tag>
<status status="PASS" start="2025-06-10T08:00:43.309957" elapsed="2.789238"/>
</test>
<status status="PASS" start="2025-06-10T08:00:43.243886" elapsed="2.855614"/>
</suite>
<statistics>
<total>
<stat pass="1" fail="0" skip="0">All Tests</stat>
</total>
<tag>
<stat pass="1" fail="0" skip="0">cihuy</stat>
</tag>
<suite>
<stat name="Checkout" id="s1" pass="1" fail="0" skip="0">Checkout</stat>
</suite>
</statistics>
<errors>
</errors>
</robot>
